<?xml version="1.0" encoding="UTF-8"?>
<testsuite xmlns:xsi="http://www.w3.org/2001/XMLSchema-instance" xsi:noNamespaceSchemaLocation="https://maven.apache.org/surefire/maven-surefire-plugin/xsd/surefire-test-report-3.0.xsd" version="3.0" name="com.example.cjva2.Cjva2ApplicationTests" time="2.753" tests="1" errors="0" skipped="0" failures="0">
  <properties>
[...]
</properties>
  <testcase name="contextLoads" classname="com.example.cjva2.Cjva2ApplicationTests" time="0.585">
    <system-out><![CDATA[04:38:10.970 [main] INFO org.springframework.test.context.support.AnnotationConfigContextLoaderUtils -- Could not detect default configuration classes for test class [com.example.cjva2.Cjva2ApplicationTests]: Cjva2ApplicationTests does not declare any static, non-private, non-final, nested classes annotated with @Configuration.
04:38:11.038 [main] INFO org.springframework.boot.test.context.SpringBootTestContextBootstrapper -- Found @SpringBootConfiguration com.example.cjva2.Cjva2Application for test class com.example.cjva2.Cjva2ApplicationTests
04:38:11.144 [main] INFO org.springframework.boot.devtools.restart.RestartApplicationListener -- Restart disabled due to context in which it is running

  .   ____          _            __ _ _
 /\\ / ___'_ __ _ _(_)_ __  __ _ \ \ \ \
( ( )\___ | '_ | '_| | '_ \/ _` | \ \ \ \
 \\/  ___)| |_)| | | | | || (_| |  ) ) ) )
  '  |____| .__|_| |_|_| |_\__, | / / / /
 =========|_|==============|___/=/_/_/_/

 :: Spring Boot ::                (v3.3.2)

2024-08-08T04:38:11.293-04:00  INFO 24324 --- [           main] c.example.cjva2.Cjva2ApplicationTests    : Starting Cjva2ApplicationTests using Java 21.0.1 with PID 24324 (started by USER in D:\SC\2\CJV\CJV_A2\cjva2)
2024-08-08T04:38:11.293-04:00  INFO 24324 --- [           main] c.example.cjva2.Cjva2ApplicationTests    : No active profile set, falling back to 1 default profile: "default"
2024-08-08T04:38:11.699-04:00  INFO 24324 --- [           main] .s.d.r.c.RepositoryConfigurationDelegate : Bootstrapping Spring Data MongoDB repositories in DEFAULT mode.
2024-08-08T04:38:11.736-04:00  INFO 24324 --- [           main] .s.d.r.c.RepositoryConfigurationDelegate : Finished Spring Data repository scanning in 32 ms. Found 3 MongoDB repository interfaces.
2024-08-08T04:38:12.136-04:00  INFO 24324 --- [           main] org.mongodb.driver.client                : MongoClient with metadata {"driver": {"name": "mongo-java-driver|sync|spring-boot", "version": "5.0.1"}, "os": {"type": "Windows", "name": "Windows 11", "architecture": "amd64", "version": "10.0"}, "platform": "Java/Oracle Corporation/21.0.1+12-LTS-29"} created with settings MongoClientSettings{readPreference=primary, writeConcern=WriteConcern{w=majority, wTimeout=null ms, journal=null}, retryWrites=true, retryReads=true, readConcern=ReadConcern{level=null}, credential=MongoCredential{mechanism=null, userName='sj95265', source='admin', password=<hidden>, mechanismProperties=<hidden>}, transportSettings=null, commandListeners=[], codecRegistry=ProvidersCodecRegistry{codecProviders=[ValueCodecProvider{}, BsonValueCodecProvider{}, DBRefCodecProvider{}, DBObjectCodecProvider{}, DocumentCodecProvider{}, CollectionCodecProvider{}, IterableCodecProvider{}, MapCodecProvider{}, GeoJsonCodecProvider{}, GridFSFileCodecProvider{}, Jsr310CodecProvider{}, JsonObjectCodecProvider{}, BsonCodecProvider{}, EnumCodecProvider{}, com.mongodb.client.model.mql.ExpressionCodecProvider@3b7c80c6, com.mongodb.Jep395RecordCodecProvider@3b2e5c0d, com.mongodb.KotlinCodecProvider@7499eac7]}, loggerSettings=LoggerSettings{maxDocumentLength=1000}, clusterSettings={hosts=[127.0.0.1:27017], srvHost=cjv.krh7qcr.mongodb.net, srvServiceName=mongodb, mode=MULTIPLE, requiredClusterType=REPLICA_SET, requiredReplicaSetName='atlas-hmfla8-shard-0', serverSelector='null', clusterListeners='[]', serverSelectionTimeout='30000 ms', localThreshold='15 ms'}, socketSettings=SocketSettings{connectTimeoutMS=10000, readTimeoutMS=0, receiveBufferSize=0, proxySettings=ProxySettings{host=null, port=null, username=null, password=null}}, heartbeatSocketSettings=SocketSettings{connectTimeoutMS=10000, readTimeoutMS=10000, receiveBufferSize=0, proxySettings=ProxySettings{host=null, port=null, username=null, password=null}}, connectionPoolSettings=ConnectionPoolSettings{maxSize=100, minSize=0, maxWaitTimeMS=120000, maxConnectionLifeTimeMS=0, maxConnectionIdleTimeMS=0, maintenanceInitialDelayMS=0, maintenanceFrequencyMS=60000, connectionPoolListeners=[], maxConnecting=2}, serverSettings=ServerSettings{heartbeatFrequencyMS=10000, minHeartbeatFrequencyMS=500, serverListeners='[]', serverMonitorListeners='[]'}, sslSettings=SslSettings{enabled=true, invalidHostNameAllowed=false, context=null}, applicationName='null', compressorList=[], uuidRepresentation=JAVA_LEGACY, serverApi=null, autoEncryptionSettings=null, dnsClient=null, inetAddressResolver=null, contextProvider=null}
2024-08-08T04:38:12.193-04:00  INFO 24324 --- [qcr.mongodb.net] org.mongodb.driver.cluster               : Adding discovered server ac-lre4mk6-shard-00-02.krh7qcr.mongodb.net:27017 to client view of cluster
2024-08-08T04:38:12.210-04:00  INFO 24324 --- [qcr.mongodb.net] org.mongodb.driver.cluster               : Adding discovered server ac-lre4mk6-shard-00-00.krh7qcr.mongodb.net:27017 to client view of cluster
2024-08-08T04:38:12.212-04:00  INFO 24324 --- [qcr.mongodb.net] org.mongodb.driver.cluster               : Adding discovered server ac-lre4mk6-shard-00-01.krh7qcr.mongodb.net:27017 to client view of cluster
2024-08-08T04:38:12.481-04:00  WARN 24324 --- [           main] .s.s.UserDetailsServiceAutoConfiguration : 

Using generated security password: 81438bc1-4b94-4c6e-b759-8330b424c8d2

This generated password is for development use only. Your security configuration must be updated before running your application in production.

2024-08-08T04:38:12.494-04:00  INFO 24324 --- [           main] r$InitializeUserDetailsManagerConfigurer : Global AuthenticationManager configured with UserDetailsService bean with name inMemoryUserDetailsManager
2024-08-08T04:38:12.665-04:00  INFO 24324 --- [ngodb.net:27017] org.mongodb.driver.cluster               : Monitor thread successfully connected to server with description ServerDescription{address=ac-lre4mk6-shard-00-01.krh7qcr.mongodb.net:27017, type=REPLICA_SET_SECONDARY, state=CONNECTED, ok=true, minWireVersion=0, maxWireVersion=21, maxDocumentSize=16777216, logicalSessionTimeoutMinutes=30, roundTripTimeNanos=251327600, setName='atlas-hmfla8-shard-0', canonicalAddress=ac-lre4mk6-shard-00-01.krh7qcr.mongodb.net:27017, hosts=[ac-lre4mk6-shard-00-00.krh7qcr.mongodb.net:27017, ac-lre4mk6-shard-00-02.krh7qcr.mongodb.net:27017, ac-lre4mk6-shard-00-01.krh7qcr.mongodb.net:27017], passives=[], arbiters=[], primary='ac-lre4mk6-shard-00-02.krh7qcr.mongodb.net:27017', tagSet=TagSet{[Tag{name='availabilityZone', value='use1-az6'}, Tag{name='diskState', value='READY'}, Tag{name='nodeType', value='ELECTABLE'}, Tag{name='provider', value='AWS'}, Tag{name='region', value='US_EAST_1'}, Tag{name='workloadType', value='OPERATIONAL'}]}, electionId=null, setVersion=93, topologyVersion=TopologyVersion{processId=66b28b325b06d1ae1042ffa8, counter=3}, lastWriteDate=Thu Aug 08 04:38:11 EDT 2024, lastUpdateTimeNanos=1363278173179100}
2024-08-08T04:38:12.665-04:00  INFO 24324 --- [ngodb.net:27017] org.mongodb.driver.cluster               : Monitor thread successfully connected to server with description ServerDescription{address=ac-lre4mk6-shard-00-02.krh7qcr.mongodb.net:27017, type=REPLICA_SET_PRIMARY, state=CONNECTED, ok=true, minWireVersion=0, maxWireVersion=21, maxDocumentSize=16777216, logicalSessionTimeoutMinutes=30, roundTripTimeNanos=251346800, setName='atlas-hmfla8-shard-0', canonicalAddress=ac-lre4mk6-shard-00-02.krh7qcr.mongodb.net:27017, hosts=[ac-lre4mk6-shard-00-00.krh7qcr.mongodb.net:27017, ac-lre4mk6-shard-00-02.krh7qcr.mongodb.net:27017, ac-lre4mk6-shard-00-01.krh7qcr.mongodb.net:27017], passives=[], arbiters=[], primary='ac-lre4mk6-shard-00-02.krh7qcr.mongodb.net:27017', tagSet=TagSet{[Tag{name='availabilityZone', value='use1-az1'}, Tag{name='diskState', value='READY'}, Tag{name='nodeType', value='ELECTABLE'}, Tag{name='provider', value='AWS'}, Tag{name='region', value='US_EAST_1'}, Tag{name='workloadType', value='OPERATIONAL'}]}, electionId=7fffffff0000000000000190, setVersion=93, topologyVersion=TopologyVersion{processId=66b289b75e1669bfad8f6a8d, counter=6}, lastWriteDate=Thu Aug 08 04:38:11 EDT 2024, lastUpdateTimeNanos=1363278173177200}
2024-08-08T04:38:12.665-04:00  INFO 24324 --- [ngodb.net:27017] org.mongodb.driver.cluster               : Monitor thread successfully connected to server with description ServerDescription{address=ac-lre4mk6-shard-00-00.krh7qcr.mongodb.net:27017, type=REPLICA_SET_SECONDARY, state=CONNECTED, ok=true, minWireVersion=0, maxWireVersion=21, maxDocumentSize=16777216, logicalSessionTimeoutMinutes=30, roundTripTimeNanos=251351100, setName='atlas-hmfla8-shard-0', canonicalAddress=ac-lre4mk6-shard-00-00.krh7qcr.mongodb.net:27017, hosts=[ac-lre4mk6-shard-00-00.krh7qcr.mongodb.net:27017, ac-lre4mk6-shard-00-02.krh7qcr.mongodb.net:27017, ac-lre4mk6-shard-00-01.krh7qcr.mongodb.net:27017], passives=[], arbiters=[], primary='ac-lre4mk6-shard-00-02.krh7qcr.mongodb.net:27017', tagSet=TagSet{[Tag{name='availabilityZone', value='use1-az4'}, Tag{name='diskState', value='READY'}, Tag{name='nodeType', value='ELECTABLE'}, Tag{name='provider', value='AWS'}, Tag{name='region', value='US_EAST_1'}, Tag{name='workloadType', value='OPERATIONAL'}]}, electionId=null, setVersion=93, topologyVersion=TopologyVersion{processId=66b287ce8737c91245d052dd, counter=4}, lastWriteDate=Thu Aug 08 04:38:11 EDT 2024, lastUpdateTimeNanos=1363278173179200}
2024-08-08T04:38:12.670-04:00  INFO 24324 --- [ngodb.net:27017] org.mongodb.driver.cluster               : Discovered replica set primary ac-lre4mk6-shard-00-02.krh7qcr.mongodb.net:27017 with max election id 7fffffff0000000000000190 and max set version 93
2024-08-08T04:38:13.013-04:00  INFO 24324 --- [           main] c.example.cjva2.Cjva2ApplicationTests    : Started Cjva2ApplicationTests in 1.878 seconds (process running for 2.494)
]]></system-out>
    <system-err><![CDATA[WARNING: A Java agent has been loaded dynamically (C:\Users\USER\.m2\repository\net\bytebuddy\byte-buddy-agent\1.14.18\byte-buddy-agent-1.14.18.jar)
WARNING: If a serviceability tool is in use, please run with -XX:+EnableDynamicAgentLoading to hide this warning
WARNING: If a serviceability tool is not in use, please run with -Djdk.instrument.traceUsage for more information
WARNING: Dynamic loading of agents will be disallowed by default in a future release
]]></system-err>
  </testcase>
</testsuite>